<?xml version="1.0" encoding="UTF-8"?><testsuite errors="0" failures="0" name="tests.PetStoreServiceTests" skipped="0" tests="6" time="10.2" timestamp="2021-10-18 10:28:17"><testcase classname="tests.PetStoreServiceTests" name="Create new pet using1 xml body"/><testcase classname="tests.PetStoreServiceTests" name="Create new pet using json body"/><testcase classname="tests.PetStoreServiceTests" name="Get pet details by ID"/><testcase classname="tests.PetStoreServiceTests" name="Update pet name"/><testcase classname="tests.PetStoreServiceTests" name="Update pet status"/><testcase classname="tests.PetStoreServiceTests" name="Zdelete pet details"/></testsuite>